  炮击目标.cpp
E:\C_Program\炮击目标\炮击目标\炮击目标.cpp(24,20): warning C4244: “初始化”: 从“float”转换到“int”，可能丢失数据
E:\C_Program\炮击目标\炮击目标\炮击目标.cpp(27,12): warning C4244: “初始化”: 从“double”转换到“int”，可能丢失数据
E:\C_Program\炮击目标\炮击目标\炮击目标.cpp(28,12): warning C4244: “初始化”: 从“double”转换到“int”，可能丢失数据
E:\C_Program\炮击目标\炮击目标\炮击目标.cpp(38,14): warning C4244: “初始化”: 从“double”转换到“float”，可能丢失数据
E:\C_Program\炮击目标\炮击目标\炮击目标.cpp(39,14): warning C4244: “初始化”: 从“double”转换到“float”，可能丢失数据
E:\C_Program\炮击目标\炮击目标\炮击目标.cpp(48,22): warning C4244: “参数”: 从“float”转换到“int”，可能丢失数据
E:\C_Program\炮击目标\炮击目标\炮击目标.cpp(48,18): warning C4244: “参数”: 从“float”转换到“int”，可能丢失数据
E:\C_Program\炮击目标\炮击目标\炮击目标.cpp(61,18): warning C4244: “初始化”: 从“float”转换到“int”，可能丢失数据
E:\C_Program\炮击目标\炮击目标\炮击目标.cpp(72,22): warning C4244: “参数”: 从“const float”转换到“int”，可能丢失数据
E:\C_Program\炮击目标\炮击目标\炮击目标.cpp(72,15): warning C4244: “参数”: 从“const float”转换到“int”，可能丢失数据
E:\C_Program\炮击目标\炮击目标\炮击目标.cpp(114,25): warning C4244: “=”: 从“double”转换到“float”，可能丢失数据
E:\C_Program\炮击目标\炮击目标\炮击目标.cpp(115,26): warning C4244: “=”: 从“double”转换到“float”，可能丢失数据
E:\C_Program\炮击目标\炮击目标\炮击目标.cpp(134,20): warning C4244: “+=”: 从“float”转换到“int”，可能丢失数据
E:\C_Program\炮击目标\炮击目标\炮击目标.cpp(135,20): warning C4244: “+=”: 从“float”转换到“int”，可能丢失数据
E:\C_Program\炮击目标\炮击目标\炮击目标.cpp(154,28): warning C4244: “=”: 从“float”转换到“int”，可能丢失数据
E:\C_Program\炮击目标\炮击目标\炮击目标.cpp(162,32): warning C4244: “参数”: 从“int”转换到“float”，可能丢失数据
E:\C_Program\炮击目标\炮击目标\炮击目标.cpp(164,24): warning C4244: “=”: 从“float”转换到“int”，可能丢失数据
E:\C_Program\炮击目标\炮击目标\炮击目标.cpp(170,26): warning C4244: “参数”: 从“const float”转换到“int”，可能丢失数据
  炮击目标.vcxproj -> E:\C_Program\炮击目标\Debug\炮击目标.exe
